<?xml version="1.0" encoding="UTF-8"?>
<testng-results ignored="0" total="1" passed="1" failed="0" skipped="0">
  <reporter-output>
  </reporter-output>
  <suite started-at="2022-10-17T21:16:53 IST" name="Default suite" finished-at="2022-10-17T21:17:41 IST" duration-ms="48636">
    <groups>
    </groups>
    <test started-at="2022-10-17T21:16:53 IST" name="Default test" finished-at="2022-10-17T21:17:41 IST" duration-ms="48636">
      <class name="marlin_temp.Marlin_Temp2">
        <test-method signature="Marlin_temp_check()[pri:0, instance:marlin_temp.Marlin_Temp2@45ca843]" started-at="2022-10-17T21:16:53 IST" name="Marlin_temp_check" finished-at="2022-10-17T21:17:41 IST" duration-ms="48465" status="PASS">
          <reporter-output>
          </reporter-output>
        </test-method> <!-- Marlin_temp_check -->
      </class> <!-- marlin_temp.Marlin_Temp2 -->
    </test> <!-- Default test -->
  </suite> <!-- Default suite -->
</testng-results>
